<?xml version="1.0" encoding="UTF-8"?>
<!-- Generated by org.testng.reporters.JUnitReportReporter -->
<testsuite skipped="0" hostname="CTG6Q527GF" name="ElementsTests" tests="8" failures="0" timestamp="2022-12-27T12:37:07 MST" time="11.093" errors="0">
  <testcase name="TestURLIsCorrect" time="0.009" classname="ElementsTests"/>
  <system-out/>
  <testcase name="TestCategoriesDisplayed" time="1.213" classname="ElementsTests"/>
  <system-out/>
  <testcase name="testPhoneProductPage" time="5.577" classname="ElementsTests"/>
  <system-out/>
  <testcase name="testProductImage" time="0.073" classname="ElementsTests"/>
  <system-out/>
  <testcase name="testProductPrice" time="0.063" classname="ElementsTests"/>
  <system-out/>
  <testcase name="testProductDesc" time="0.025" classname="ElementsTests"/>
  <system-out/>
  <testcase name="testProductCartButton" time="0.041" classname="ElementsTests"/>
  <system-out/>
  <testcase name="testAddToCartAlert" time="4.092" classname="ElementsTests"/>
  <system-out/>
</testsuite> <!-- ElementsTests -->
